<?xml version="1.0" encoding="UTF-8"?>
<!-- Generated by org.testng.reporters.JUnitReportReporter -->
<testsuite skipped="1" hostname="Gugas-MacBook-Air.local" name="testngtests.TestNGPrioritizing" tests="4" failures="0" timestamp="19 Apr 2017 01:25:12 GMT" time="0.030" errors="0">
  <testcase name="one" time="0.021" classname="testngtests.TestNGPrioritizing"/>
  <testcase name="two" time="0.003" classname="testngtests.TestNGPrioritizing"/>
  <testcase name="four" time="0.006" classname="testngtests.TestNGPrioritizing"/>
  <testcase name="three" classname="testngtests.TestNGPrioritizing">
    <skipped/>
  </testcase> <!-- three -->
</testsuite> <!-- testngtests.TestNGPrioritizing -->
