<?xml version="1.0" encoding="UTF-8"?>
<!-- Generated by org.testng.reporters.JUnitReportReporter -->
<testsuite skipped="0" hostname="Gugas-MacBook-Air.local" name="testngtests.TestNGGroup" tests="3" failures="0" timestamp="22 Apr 2017 02:31:32 GMT" time="0.006" errors="0">
  <testcase name="dogs" time="0.002" classname="testngtests.TestNGGroup"/>
  <testcase name="cats" time="0.002" classname="testngtests.TestNGGroup"/>
  <testcase name="fish" time="0.002" classname="testngtests.TestNGGroup"/>
</testsuite> <!-- testngtests.TestNGGroup -->
