<?xml version="1.0" encoding="UTF-8"?>
<!-- Generated by org.testng.reporters.JUnitReportReporter -->
<testsuite skipped="0" hostname="Gugas-MacBook-Air.local" name="testngtests.TestNGDataProvider" tests="2" failures="0" timestamp="19 Apr 2017 01:57:51 GMT" time="0.040" errors="0">
  <testcase name="login" time="0.036" classname="testngtests.TestNGDataProvider"/>
  <testcase name="login" time="0.004" classname="testngtests.TestNGDataProvider"/>
</testsuite> <!-- testngtests.TestNGDataProvider -->
