<?xml version="1.0" encoding="UTF-8"?>
<!-- Generated by org.testng.reporters.JUnitReportReporter -->
<testsuite skipped="0" hostname="Gugas-MacBook-Air.local" name="testngtests.TestNGAnnotations" tests="1" failures="0" timestamp="22 Apr 2017 02:31:32 GMT" time="0.018" errors="0">
  <testcase name="test1" time="0.018" classname="testngtests.TestNGAnnotations"/>
</testsuite> <!-- testngtests.TestNGAnnotations -->
