<?xml version="1.0" encoding="UTF-8"?>
<!-- Generated by org.testng.reporters.JUnitReportReporter -->
<testsuite skipped="0" hostname="Gugas-MacBook-Air.local" name="testngtests.TestNGParameters" tests="1" failures="0" timestamp="19 Apr 2017 01:44:24 GMT" time="0.024" errors="0">
  <testcase name="login" time="0.024" classname="testngtests.TestNGParameters"/>
</testsuite> <!-- testngtests.TestNGParameters -->
